生成启动时间为 2020/5/6 16:22:22。
     1>项目“E:\code\STL\STL_container_adaptor\STL_container_adaptor\STL_container_adaptor.vcxproj”在节点 2 上(Build 个目标)。
     1>ClCompile:
         C:\Program Files (x86)\Microsoft Visual Studio 12.0\VC\bin\CL.exe /c /ZI /nologo /W3 /WX- /sdl /Od /Oy- /D _MBCS /Gm /EHsc /RTC1 /MDd /GS /fp:precise /Zc:wchar_t /Zc:forScope /Fo"Debug\\" /Fd"Debug\vc120.pdb" /Gd /TP /analyze- /errorReport:prompt test.cpp
         test.cpp
     1>e:\code\stl\stl_container_adaptor\stl_container_adaptor\priority_queue.h(54): warning C4018: “<”: 有符号/无符号不匹配
                 e:\code\stl\stl_container_adaptor\stl_container_adaptor\priority_queue.h(50): 编译类 模板 成员函数“void Priority_queue<int,std::vector<T,std::allocator<_Ty>>,my_less<T>>::adjust_down(int)”时
                 with
                 [
                     T=int
         ,            _Ty=int
                 ]
                 e:\code\stl\stl_container_adaptor\stl_container_adaptor\priority_queue.h(85): 参见对正在编译的函数 模板 实例化“void Priority_queue<int,std::vector<T,std::allocator<_Ty>>,my_less<T>>::adjust_down(int)”的引用
                 with
                 [
                     T=int
         ,            _Ty=int
                 ]
                 e:\code\stl\stl_container_adaptor\stl_container_adaptor\test.cpp(374): 参见对正在编译的类 模板 实例化“Priority_queue<int,std::vector<T,std::allocator<_Ty>>,my_less<T>>”的引用
                 with
                 [
                     T=int
         ,            _Ty=int
                 ]
     1>e:\code\stl\stl_container_adaptor\stl_container_adaptor\priority_queue.h(57): warning C4018: “<”: 有符号/无符号不匹配
       Link:
         C:\Program Files (x86)\Microsoft Visual Studio 12.0\VC\bin\link.exe /ERRORREPORT:PROMPT /OUT:"E:\code\STL\STL_container_adaptor\Debug\STL_container_adaptor.exe" /INCREMENTAL /NOLOGO kernel32.lib user32.lib gdi32.lib winspool.lib comdlg32.lib advapi32.lib shell32.lib ole32.lib oleaut32.lib uuid.lib odbc32.lib odbccp32.lib /MANIFEST /MANIFESTUAC:"level='asInvoker' uiAccess='false'" /manifest:embed /DEBUG /PDB:"E:\code\STL\STL_container_adaptor\Debug\STL_container_adaptor.pdb" /TLBID:1 /DYNAMICBASE /NXCOMPAT /IMPLIB:"E:\code\STL\STL_container_adaptor\Debug\STL_container_adaptor.lib" /MACHINE:X86 Debug\test.obj
         STL_container_adaptor.vcxproj -> E:\code\STL\STL_container_adaptor\Debug\STL_container_adaptor.exe
     1>已完成生成项目“E:\code\STL\STL_container_adaptor\STL_container_adaptor\STL_container_adaptor.vcxproj”(Build 个目标)的操作。

生成成功。

已用时间 00:00:02.34
